<?xml version="1.0" encoding="UTF-8"?>
<testsuite name="id.wantox86.ewallet.controller.TransferControllerTest" tests="4" skipped="0" failures="0" errors="0" timestamp="2021-12-17T19:34:18" hostname="quezacolt" time="0.193">
  <properties/>
  <testcase name="testDestinationUserNotFound" classname="id.wantox86.ewallet.controller.TransferControllerTest" time="0.167"/>
  <testcase name="testTransferSuccess" classname="id.wantox86.ewallet.controller.TransferControllerTest" time="0.022"/>
  <testcase name="testInsufficientBalance" classname="id.wantox86.ewallet.controller.TransferControllerTest" time="0.001"/>
  <testcase name="testSenderAndReceiverEquals" classname="id.wantox86.ewallet.controller.TransferControllerTest" time="0.001"/>
  <system-out><![CDATA[]]></system-out>
  <system-err><![CDATA[SLF4J: Failed to load class "org.slf4j.impl.StaticLoggerBinder".
SLF4J: Defaulting to no-operation (NOP) logger implementation
SLF4J: See http://www.slf4j.org/codes.html#StaticLoggerBinder for further details.
]]></system-err>
</testsuite>
