<?xml version="1.0" encoding="UTF-8"?>
<testsuite name="id.wantox86.ewallet.controller.TopupBalanceControllerTest" tests="2" skipped="0" failures="0" errors="0" timestamp="2021-12-17T19:34:18" hostname="quezacolt" time="0.003">
  <properties/>
  <testcase name="testInvalidTopupAmount" classname="id.wantox86.ewallet.controller.TopupBalanceControllerTest" time="0.001"/>
  <testcase name="testTransferSuccess" classname="id.wantox86.ewallet.controller.TopupBalanceControllerTest" time="0.002"/>
  <system-out><![CDATA[]]></system-out>
  <system-err><![CDATA[]]></system-err>
</testsuite>
